Mensaje I / 00:00:00:000 / Root(00) para top(01)
Mensaje I / 00:00:00:000 / top(01) para createfilter(02)
Mensaje D / 00:00:00:000 / createfilter(02) / ... para top(01)
Mensaje D / 00:00:00:000 / top(01) / ... para Root(00)
Mensaje X / 00:00:10:000 / Root(00) / in /      1.00000 para top(01)
Mensaje X / 00:00:10:000 / top(01) / filter_go /      1.00000 para createfilter(02)
Mensaje D / 00:00:10:000 / createfilter(02) / 00:00:03:975 para top(01)
Mensaje D / 00:00:10:000 / top(01) / 00:00:03:975 para Root(00)
Mensaje * / 00:00:13:975 / Root(00) para top(01)
Mensaje * / 00:00:13:975 / top(01) para createfilter(02)
Mensaje Y / 00:00:13:975 / createfilter(02) / filter_done /      1.00000 para top(01)
Mensaje Y / 00:00:13:975 / createfilter(02) / filter_out /      2.17257 para top(01)
Mensaje D / 00:00:13:975 / createfilter(02) / ... para top(01)
Mensaje Y / 00:00:13:975 / top(01) / filter_done /      1.00000 para Root(00)
Mensaje D / 00:00:13:975 / top(01) / ... para Root(00)
Mensaje X / 00:00:30:000 / Root(00) / in /      1.00000 para top(01)
Mensaje X / 00:00:30:000 / top(01) / filter_go /      1.00000 para createfilter(02)
Mensaje D / 00:00:30:000 / createfilter(02) / 00:00:01:592 para top(01)
Mensaje D / 00:00:30:000 / top(01) / 00:00:01:592 para Root(00)
Mensaje * / 00:00:31:592 / Root(00) para top(01)
Mensaje * / 00:00:31:592 / top(01) para createfilter(02)
Mensaje Y / 00:00:31:592 / createfilter(02) / filter_done /      1.00000 para top(01)
Mensaje Y / 00:00:31:592 / createfilter(02) / filter_out /      6.88121 para top(01)
Mensaje D / 00:00:31:592 / createfilter(02) / ... para top(01)
Mensaje Y / 00:00:31:592 / top(01) / filter_done /      1.00000 para Root(00)
Mensaje D / 00:00:31:592 / top(01) / ... para Root(00)
Mensaje X / 00:00:50:000 / Root(00) / in /      0.00000 para top(01)
Mensaje X / 00:00:50:000 / top(01) / filter_go /      0.00000 para createfilter(02)
Mensaje D / 00:00:50:000 / createfilter(02) / ... para top(01)
Mensaje D / 00:00:50:000 / top(01) / ... para Root(00)
Mensaje X / 00:01:00:000 / Root(00) / in /      1.00000 para top(01)
Mensaje X / 00:01:00:000 / top(01) / filter_go /      1.00000 para createfilter(02)
Mensaje D / 00:01:00:000 / createfilter(02) / 00:00:01:915 para top(01)
Mensaje D / 00:01:00:000 / top(01) / 00:00:01:915 para Root(00)
Mensaje * / 00:01:01:915 / Root(00) para top(01)
Mensaje * / 00:01:01:915 / top(01) para createfilter(02)
Mensaje Y / 00:01:01:915 / createfilter(02) / filter_done /      1.00000 para top(01)
Mensaje Y / 00:01:01:915 / createfilter(02) / filter_out /      0.07416 para top(01)
Mensaje D / 00:01:01:915 / createfilter(02) / ... para top(01)
Mensaje Y / 00:01:01:915 / top(01) / filter_done /      1.00000 para Root(00)
Mensaje D / 00:01:01:915 / top(01) / ... para Root(00)
Mensaje X / 00:01:10:000 / Root(00) / in /      0.00000 para top(01)
Mensaje X / 00:01:10:000 / top(01) / filter_go /      0.00000 para createfilter(02)
Mensaje D / 00:01:10:000 / createfilter(02) / ... para top(01)
Mensaje D / 00:01:10:000 / top(01) / ... para Root(00)
Mensaje X / 00:01:20:000 / Root(00) / in /      0.00000 para top(01)
Mensaje X / 00:01:20:000 / top(01) / filter_go /      0.00000 para createfilter(02)
Mensaje D / 00:01:20:000 / createfilter(02) / ... para top(01)
Mensaje D / 00:01:20:000 / top(01) / ... para Root(00)
Mensaje X / 00:01:30:000 / Root(00) / in /      0.00000 para top(01)
Mensaje X / 00:01:30:000 / top(01) / filter_go /      0.00000 para createfilter(02)
Mensaje D / 00:01:30:000 / createfilter(02) / ... para top(01)
Mensaje D / 00:01:30:000 / top(01) / ... para Root(00)
Mensaje X / 00:01:40:000 / Root(00) / in /      1.00000 para top(01)
Mensaje X / 00:01:40:000 / top(01) / filter_go /      1.00000 para createfilter(02)
Mensaje D / 00:01:40:000 / createfilter(02) / 00:00:04:070 para top(01)
Mensaje D / 00:01:40:000 / top(01) / 00:00:04:070 para Root(00)
Mensaje * / 00:01:44:070 / Root(00) para top(01)
Mensaje * / 00:01:44:070 / top(01) para createfilter(02)
Mensaje Y / 00:01:44:070 / createfilter(02) / filter_done /      1.00000 para top(01)
Mensaje Y / 00:01:44:070 / createfilter(02) / filter_out /      4.69077 para top(01)
Mensaje D / 00:01:44:070 / createfilter(02) / ... para top(01)
Mensaje Y / 00:01:44:070 / top(01) / filter_done /      1.00000 para Root(00)
Mensaje D / 00:01:44:070 / top(01) / ... para Root(00)
Mensaje X / 00:01:50:000 / Root(00) / in /      0.00000 para top(01)
Mensaje X / 00:01:50:000 / top(01) / filter_go /      0.00000 para createfilter(02)
Mensaje D / 00:01:50:000 / createfilter(02) / ... para top(01)
Mensaje D / 00:01:50:000 / top(01) / ... para Root(00)
Mensaje X / 00:02:00:000 / Root(00) / in /      0.00000 para top(01)
Mensaje X / 00:02:00:000 / top(01) / filter_go /      0.00000 para createfilter(02)
Mensaje D / 00:02:00:000 / createfilter(02) / ... para top(01)
Mensaje D / 00:02:00:000 / top(01) / ... para Root(00)
Mensaje X / 00:02:10:000 / Root(00) / in /      1.00000 para top(01)
Mensaje X / 00:02:10:000 / top(01) / filter_go /      1.00000 para createfilter(02)
Mensaje D / 00:02:10:000 / createfilter(02) / 00:00:02:365 para top(01)
Mensaje D / 00:02:10:000 / top(01) / 00:00:02:365 para Root(00)
Mensaje * / 00:02:12:365 / Root(00) para top(01)
Mensaje * / 00:02:12:365 / top(01) para createfilter(02)
Mensaje Y / 00:02:12:365 / createfilter(02) / filter_done /      1.00000 para top(01)
Mensaje Y / 00:02:12:365 / createfilter(02) / filter_out /      4.25681 para top(01)
Mensaje D / 00:02:12:365 / createfilter(02) / ... para top(01)
Mensaje Y / 00:02:12:365 / top(01) / filter_done /      1.00000 para Root(00)
Mensaje D / 00:02:12:365 / top(01) / ... para Root(00)
Mensaje X / 00:02:20:000 / Root(00) / in /      1.00000 para top(01)
Mensaje X / 00:02:20:000 / top(01) / filter_go /      1.00000 para createfilter(02)
Mensaje D / 00:02:20:000 / createfilter(02) / 00:00:04:321 para top(01)
Mensaje D / 00:02:20:000 / top(01) / 00:00:04:321 para Root(00)
Mensaje * / 00:02:24:321 / Root(00) para top(01)
Mensaje * / 00:02:24:321 / top(01) para createfilter(02)
Mensaje Y / 00:02:24:321 / createfilter(02) / filter_done /      1.00000 para top(01)
Mensaje Y / 00:02:24:321 / createfilter(02) / filter_out /      5.68720 para top(01)
Mensaje D / 00:02:24:321 / createfilter(02) / ... para top(01)
Mensaje Y / 00:02:24:321 / top(01) / filter_done /      1.00000 para Root(00)
Mensaje D / 00:02:24:321 / top(01) / ... para Root(00)
Mensaje X / 00:02:28:000 / Root(00) / in /      0.00000 para top(01)
Mensaje X / 00:02:28:000 / top(01) / filter_go /      0.00000 para createfilter(02)
Mensaje D / 00:02:28:000 / createfilter(02) / ... para top(01)
Mensaje D / 00:02:28:000 / top(01) / ... para Root(00)
Mensaje X / 00:02:30:000 / Root(00) / in /      0.00000 para top(01)
Mensaje X / 00:02:30:000 / top(01) / filter_go /      0.00000 para createfilter(02)
Mensaje D / 00:02:30:000 / createfilter(02) / ... para top(01)
Mensaje D / 00:02:30:000 / top(01) / ... para Root(00)
