Mensaje I / 00:00:00:000 / Root(00) para top(01)
Mensaje I / 00:00:00:000 / top(01) para createcapture(02)
Mensaje I / 00:00:00:000 / top(01) para createfilter(03)
Mensaje D / 00:00:00:000 / createcapture(02) / ... para top(01)
Mensaje D / 00:00:00:000 / createfilter(03) / ... para top(01)
Mensaje D / 00:00:00:000 / top(01) / ... para Root(00)
Mensaje X / 00:00:10:000 / Root(00) / in /      2.00000 para top(01)
Mensaje X / 00:00:10:000 / top(01) / cmd_in /      2.00000 para createcapture(02)
Mensaje D / 00:00:10:000 / createcapture(02) / ... para top(01)
Mensaje D / 00:00:10:000 / top(01) / ... para Root(00)
Mensaje X / 00:00:30:000 / Root(00) / in /      3.00000 para top(01)
Mensaje X / 00:00:30:000 / top(01) / cmd_in /      3.00000 para createcapture(02)
Mensaje D / 00:00:30:000 / createcapture(02) / ... para top(01)
Mensaje D / 00:00:30:000 / top(01) / ... para Root(00)
Mensaje X / 00:00:50:000 / Root(00) / in /      1.00000 para top(01)
Mensaje X / 00:00:50:000 / top(01) / cmd_in /      1.00000 para createcapture(02)
Mensaje D / 00:00:50:000 / createcapture(02) / 00:00:03:975 para top(01)
Mensaje D / 00:00:50:000 / top(01) / 00:00:03:975 para Root(00)
Mensaje * / 00:00:53:975 / Root(00) para top(01)
Mensaje * / 00:00:53:975 / top(01) para createcapture(02)
Mensaje Y / 00:00:53:975 / createcapture(02) / filter_go /      1.00000 para top(01)
Mensaje D / 00:00:53:975 / createcapture(02) / ... para top(01)
Mensaje X / 00:00:53:975 / top(01) / filter_go /      1.00000 para createfilter(03)
Mensaje D / 00:00:53:975 / createfilter(03) / 00:00:01:592 para top(01)
Mensaje D / 00:00:53:975 / top(01) / 00:00:01:592 para Root(00)
Mensaje * / 00:00:55:567 / Root(00) para top(01)
Mensaje * / 00:00:55:567 / top(01) para createfilter(03)
Mensaje Y / 00:00:55:567 / createfilter(03) / filter_done /      1.00000 para top(01)
Mensaje Y / 00:00:55:567 / createfilter(03) / filter_out /      8.92151 para top(01)
Mensaje D / 00:00:55:567 / createfilter(03) / ... para top(01)
Mensaje X / 00:00:55:567 / top(01) / filter_done /      1.00000 para createcapture(02)
Mensaje Y / 00:00:55:567 / top(01) / filter_code /      8.92151 para Root(00)
Mensaje D / 00:00:55:567 / createcapture(02) / 00:00:01:915 para top(01)
Mensaje D / 00:00:55:567 / top(01) / 00:00:01:915 para Root(00)
Mensaje * / 00:00:57:482 / Root(00) para top(01)
Mensaje * / 00:00:57:482 / top(01) para createcapture(02)
Mensaje Y / 00:00:57:482 / createcapture(02) / capture_created /      1.00000 para top(01)
Mensaje D / 00:00:57:482 / createcapture(02) / ... para top(01)
Mensaje Y / 00:00:57:482 / top(01) / capture_created /      1.00000 para Root(00)
Mensaje D / 00:00:57:482 / top(01) / ... para Root(00)
Mensaje X / 00:01:00:000 / Root(00) / in /      3.00000 para top(01)
Mensaje X / 00:01:00:000 / top(01) / cmd_in /      3.00000 para createcapture(02)
Mensaje D / 00:01:00:000 / createcapture(02) / ... para top(01)
Mensaje D / 00:01:00:000 / top(01) / ... para Root(00)
Mensaje X / 00:01:30:000 / Root(00) / in /      2.00000 para top(01)
Mensaje X / 00:01:30:000 / top(01) / cmd_in /      2.00000 para createcapture(02)
Mensaje D / 00:01:30:000 / createcapture(02) / ... para top(01)
Mensaje D / 00:01:30:000 / top(01) / ... para Root(00)
Mensaje X / 00:02:00:000 / Root(00) / in /      1.00000 para top(01)
Mensaje X / 00:02:00:000 / top(01) / cmd_in /      1.00000 para createcapture(02)
Mensaje D / 00:02:00:000 / createcapture(02) / 00:00:04:070 para top(01)
Mensaje D / 00:02:00:000 / top(01) / 00:00:04:070 para Root(00)
Mensaje * / 00:02:04:070 / Root(00) para top(01)
Mensaje * / 00:02:04:070 / top(01) para createcapture(02)
Mensaje Y / 00:02:04:070 / createcapture(02) / filter_go /      1.00000 para top(01)
Mensaje D / 00:02:04:070 / createcapture(02) / ... para top(01)
Mensaje X / 00:02:04:070 / top(01) / filter_go /      1.00000 para createfilter(03)
Mensaje D / 00:02:04:070 / createfilter(03) / 00:00:02:365 para top(01)
Mensaje D / 00:02:04:070 / top(01) / 00:00:02:365 para Root(00)
Mensaje * / 00:02:06:435 / Root(00) para top(01)
Mensaje * / 00:02:06:435 / top(01) para createfilter(03)
Mensaje Y / 00:02:06:435 / createfilter(03) / filter_done /      1.00000 para top(01)
Mensaje Y / 00:02:06:435 / createfilter(03) / filter_out /      7.07847 para top(01)
Mensaje D / 00:02:06:435 / createfilter(03) / ... para top(01)
Mensaje X / 00:02:06:435 / top(01) / filter_done /      1.00000 para createcapture(02)
Mensaje Y / 00:02:06:435 / top(01) / filter_code /      7.07847 para Root(00)
Mensaje D / 00:02:06:435 / createcapture(02) / 00:00:04:321 para top(01)
Mensaje D / 00:02:06:435 / top(01) / 00:00:04:321 para Root(00)
Mensaje * / 00:02:10:756 / Root(00) para top(01)
Mensaje * / 00:02:10:756 / top(01) para createcapture(02)
Mensaje Y / 00:02:10:756 / createcapture(02) / capture_created /      1.00000 para top(01)
Mensaje D / 00:02:10:756 / createcapture(02) / ... para top(01)
Mensaje Y / 00:02:10:756 / top(01) / capture_created /      1.00000 para Root(00)
Mensaje D / 00:02:10:756 / top(01) / ... para Root(00)
Mensaje X / 00:02:30:000 / Root(00) / in /      1.00000 para top(01)
Mensaje X / 00:02:30:000 / top(01) / cmd_in /      1.00000 para createcapture(02)
Mensaje D / 00:02:30:000 / createcapture(02) / 00:00:05:699 para top(01)
Mensaje D / 00:02:30:000 / top(01) / 00:00:05:699 para Root(00)
Mensaje * / 00:02:35:699 / Root(00) para top(01)
Mensaje * / 00:02:35:699 / top(01) para createcapture(02)
Mensaje Y / 00:02:35:699 / createcapture(02) / filter_go /      1.00000 para top(01)
Mensaje D / 00:02:35:699 / createcapture(02) / ... para top(01)
Mensaje X / 00:02:35:699 / top(01) / filter_go /      1.00000 para createfilter(03)
Mensaje D / 00:02:35:699 / createfilter(03) / 00:00:05:310 para top(01)
Mensaje D / 00:02:35:699 / top(01) / 00:00:05:310 para Root(00)
Mensaje * / 00:02:41:009 / Root(00) para top(01)
Mensaje * / 00:02:41:009 / top(01) para createfilter(03)
Mensaje Y / 00:02:41:009 / createfilter(03) / filter_done /      1.00000 para top(01)
Mensaje Y / 00:02:41:009 / createfilter(03) / filter_out /      8.83891 para top(01)
Mensaje D / 00:02:41:009 / createfilter(03) / ... para top(01)
Mensaje X / 00:02:41:009 / top(01) / filter_done /      1.00000 para createcapture(02)
Mensaje Y / 00:02:41:009 / top(01) / filter_code /      8.83891 para Root(00)
Mensaje D / 00:02:41:009 / createcapture(02) / 00:00:04:892 para top(01)
Mensaje D / 00:02:41:009 / top(01) / 00:00:04:892 para Root(00)
Mensaje * / 00:02:45:901 / Root(00) para top(01)
Mensaje * / 00:02:45:901 / top(01) para createcapture(02)
Mensaje Y / 00:02:45:901 / createcapture(02) / capture_created /      1.00000 para top(01)
Mensaje D / 00:02:45:901 / createcapture(02) / ... para top(01)
Mensaje Y / 00:02:45:901 / top(01) / capture_created /      1.00000 para Root(00)
Mensaje D / 00:02:45:901 / top(01) / ... para Root(00)
