Mensaje I / 00:00:00:000 / Root(00) para top(01)
Mensaje I / 00:00:00:000 / top(01) para create(02)
Mensaje I / 00:00:00:000 / top(01) para start(05)
Mensaje I / 00:00:00:000 / top(01) para stop(08)
Mensaje I / 00:00:00:000 / create(02) para createcapture(03)
Mensaje I / 00:00:00:000 / create(02) para createfilter(04)
Mensaje I / 00:00:00:000 / start(05) para startcapture(06)
Mensaje I / 00:00:00:000 / start(05) para wirelesschannel(07)
Mensaje D / 00:00:00:000 / stop(08) / ... para top(01)
Mensaje D / 00:00:00:000 / createcapture(03) / ... para create(02)
Mensaje D / 00:00:00:000 / createfilter(04) / ... para create(02)
Mensaje D / 00:00:00:000 / startcapture(06) / ... para start(05)
Mensaje D / 00:00:00:000 / wirelesschannel(07) / ... para start(05)
Mensaje D / 00:00:00:000 / create(02) / ... para top(01)
Mensaje D / 00:00:00:000 / start(05) / ... para top(01)
Mensaje D / 00:00:00:000 / top(01) / ... para Root(00)
Mensaje X / 00:00:10:000 / Root(00) / create_capture /      1.00000 para top(01)
Mensaje X / 00:00:10:000 / top(01) / in /      1.00000 para create(02)
Mensaje X / 00:00:10:000 / create(02) / cmd_in /      1.00000 para createcapture(03)
Mensaje D / 00:00:10:000 / createcapture(03) / 00:00:03:975 para create(02)
Mensaje D / 00:00:10:000 / create(02) / 00:00:03:975 para top(01)
Mensaje D / 00:00:10:000 / top(01) / 00:00:03:975 para Root(00)
Mensaje * / 00:00:13:975 / Root(00) para top(01)
Mensaje * / 00:00:13:975 / top(01) para create(02)
Mensaje * / 00:00:13:975 / create(02) para createcapture(03)
Mensaje Y / 00:00:13:975 / createcapture(03) / filter_go /      1.00000 para create(02)
Mensaje D / 00:00:13:975 / createcapture(03) / ... para create(02)
Mensaje X / 00:00:13:975 / create(02) / filter_go /      1.00000 para createfilter(04)
Mensaje D / 00:00:13:975 / createfilter(04) / 00:00:01:592 para create(02)
Mensaje D / 00:00:13:975 / create(02) / 00:00:01:592 para top(01)
Mensaje D / 00:00:13:975 / top(01) / 00:00:01:592 para Root(00)
Mensaje * / 00:00:15:567 / Root(00) para top(01)
Mensaje * / 00:00:15:567 / top(01) para create(02)
Mensaje * / 00:00:15:567 / create(02) para createfilter(04)
Mensaje Y / 00:00:15:567 / createfilter(04) / filter_done /      1.00000 para create(02)
Mensaje Y / 00:00:15:567 / createfilter(04) / filter_out /      0.69561 para create(02)
Mensaje D / 00:00:15:567 / createfilter(04) / ... para create(02)
Mensaje X / 00:00:15:567 / create(02) / filter_done /      1.00000 para createcapture(03)
Mensaje Y / 00:00:15:567 / create(02) / filter_code /      0.69561 para top(01)
Mensaje D / 00:00:15:567 / createcapture(03) / 00:00:01:915 para create(02)
Mensaje Y / 00:00:15:567 / top(01) / filter_code /      0.69561 para Root(00)
Mensaje D / 00:00:15:567 / create(02) / 00:00:01:915 para top(01)
Mensaje D / 00:00:15:567 / top(01) / 00:00:01:915 para Root(00)
Mensaje * / 00:00:17:482 / Root(00) para top(01)
Mensaje * / 00:00:17:482 / top(01) para create(02)
Mensaje * / 00:00:17:482 / create(02) para createcapture(03)
Mensaje Y / 00:00:17:482 / createcapture(03) / capture_created /      1.00000 para create(02)
Mensaje D / 00:00:17:482 / createcapture(03) / ... para create(02)
Mensaje Y / 00:00:17:482 / create(02) / capture_created /      1.00000 para top(01)
Mensaje D / 00:00:17:482 / create(02) / ... para top(01)
Mensaje Y / 00:00:17:482 / top(01) / capture_created /      1.00000 para Root(00)
Mensaje D / 00:00:17:482 / top(01) / ... para Root(00)
Mensaje X / 00:00:30:000 / Root(00) / start_capture /      2.00000 para top(01)
Mensaje X / 00:00:30:000 / top(01) / in /      2.00000 para start(05)
Mensaje X / 00:00:30:000 / start(05) / cmd_in /      2.00000 para startcapture(06)
Mensaje D / 00:00:30:000 / startcapture(06) / 00:00:04:070 para start(05)
Mensaje D / 00:00:30:000 / start(05) / 00:00:04:070 para top(01)
Mensaje D / 00:00:30:000 / top(01) / 00:00:04:070 para Root(00)
Mensaje * / 00:00:34:070 / Root(00) para top(01)
Mensaje * / 00:00:34:070 / top(01) para start(05)
Mensaje * / 00:00:34:070 / start(05) para startcapture(06)
Mensaje Y / 00:00:34:070 / startcapture(06) / channel_go /      1.00000 para start(05)
Mensaje D / 00:00:34:070 / startcapture(06) / ... para start(05)
Mensaje X / 00:00:34:070 / start(05) / channel_go /      1.00000 para wirelesschannel(07)
Mensaje D / 00:00:34:070 / wirelesschannel(07) / 00:00:02:365 para start(05)
Mensaje D / 00:00:34:070 / start(05) / 00:00:02:365 para top(01)
Mensaje D / 00:00:34:070 / top(01) / 00:00:02:365 para Root(00)
Mensaje * / 00:00:36:435 / Root(00) para top(01)
Mensaje * / 00:00:36:435 / top(01) para start(05)
Mensaje * / 00:00:36:435 / start(05) para wirelesschannel(07)
Mensaje Y / 00:00:36:435 / wirelesschannel(07) / channel_done /      1.00000 para start(05)
Mensaje Y / 00:00:36:435 / wirelesschannel(07) / channel_out /      9.00000 para start(05)
Mensaje D / 00:00:36:435 / wirelesschannel(07) / ... para start(05)
Mensaje X / 00:00:36:435 / start(05) / channel_done /      1.00000 para startcapture(06)
Mensaje Y / 00:00:36:435 / start(05) / channel_num /      9.00000 para top(01)
Mensaje D / 00:00:36:435 / startcapture(06) / 00:00:04:321 para start(05)
Mensaje Y / 00:00:36:435 / top(01) / channel_num /      9.00000 para Root(00)
Mensaje D / 00:00:36:435 / start(05) / 00:00:04:321 para top(01)
Mensaje D / 00:00:36:435 / top(01) / 00:00:04:321 para Root(00)
Mensaje * / 00:00:40:756 / Root(00) para top(01)
Mensaje * / 00:00:40:756 / top(01) para start(05)
Mensaje * / 00:00:40:756 / start(05) para startcapture(06)
Mensaje Y / 00:00:40:756 / startcapture(06) / capture_started /      1.00000 para start(05)
Mensaje D / 00:00:40:756 / startcapture(06) / ... para start(05)
Mensaje Y / 00:00:40:756 / start(05) / capture_started /      1.00000 para top(01)
Mensaje D / 00:00:40:756 / start(05) / ... para top(01)
Mensaje Y / 00:00:40:756 / top(01) / capture_started /      1.00000 para Root(00)
Mensaje D / 00:00:40:756 / top(01) / ... para Root(00)
Mensaje X / 00:00:50:000 / Root(00) / stop_capture /      3.00000 para top(01)
Mensaje X / 00:00:50:000 / top(01) / cmd_in /      3.00000 para stop(08)
Mensaje D / 00:00:50:000 / stop(08) / 00:00:05:699 para top(01)
Mensaje D / 00:00:50:000 / top(01) / 00:00:05:699 para Root(00)
Mensaje * / 00:00:55:699 / Root(00) para top(01)
Mensaje * / 00:00:55:699 / top(01) para stop(08)
Mensaje Y / 00:00:55:699 / stop(08) / capture_stopped /      1.00000 para top(01)
Mensaje D / 00:00:55:699 / stop(08) / ... para top(01)
Mensaje Y / 00:00:55:699 / top(01) / capture_stopped /      1.00000 para Root(00)
Mensaje D / 00:00:55:699 / top(01) / ... para Root(00)
Mensaje X / 00:01:00:000 / Root(00) / create_capture /      1.00000 para top(01)
Mensaje X / 00:01:00:000 / top(01) / in /      1.00000 para create(02)
Mensaje X / 00:01:00:000 / create(02) / cmd_in /      1.00000 para createcapture(03)
Mensaje D / 00:01:00:000 / createcapture(03) / 00:00:05:310 para create(02)
Mensaje D / 00:01:00:000 / create(02) / 00:00:05:310 para top(01)
Mensaje D / 00:01:00:000 / top(01) / 00:00:05:310 para Root(00)
Mensaje * / 00:01:05:310 / Root(00) para top(01)
Mensaje * / 00:01:05:310 / top(01) para create(02)
Mensaje * / 00:01:05:310 / create(02) para createcapture(03)
Mensaje Y / 00:01:05:310 / createcapture(03) / filter_go /      1.00000 para create(02)
Mensaje D / 00:01:05:310 / createcapture(03) / ... para create(02)
Mensaje X / 00:01:05:310 / create(02) / filter_go /      1.00000 para createfilter(04)
Mensaje D / 00:01:05:310 / createfilter(04) / 00:00:04:892 para create(02)
Mensaje D / 00:01:05:310 / create(02) / 00:00:04:892 para top(01)
Mensaje D / 00:01:05:310 / top(01) / 00:00:04:892 para Root(00)
Mensaje * / 00:01:10:202 / Root(00) para top(01)
Mensaje * / 00:01:10:202 / top(01) para create(02)
Mensaje * / 00:01:10:202 / create(02) para createfilter(04)
Mensaje Y / 00:01:10:202 / createfilter(04) / filter_done /      1.00000 para create(02)
Mensaje Y / 00:01:10:202 / createfilter(04) / filter_out /      7.47918 para create(02)
Mensaje D / 00:01:10:202 / createfilter(04) / ... para create(02)
Mensaje X / 00:01:10:202 / create(02) / filter_done /      1.00000 para createcapture(03)
Mensaje Y / 00:01:10:202 / create(02) / filter_code /      7.47918 para top(01)
Mensaje D / 00:01:10:202 / createcapture(03) / 00:00:03:661 para create(02)
Mensaje Y / 00:01:10:202 / top(01) / filter_code /      7.47918 para Root(00)
Mensaje D / 00:01:10:202 / create(02) / 00:00:03:661 para top(01)
Mensaje D / 00:01:10:202 / top(01) / 00:00:03:661 para Root(00)
Mensaje * / 00:01:13:863 / Root(00) para top(01)
Mensaje * / 00:01:13:863 / top(01) para create(02)
Mensaje * / 00:01:13:863 / create(02) para createcapture(03)
Mensaje Y / 00:01:13:863 / createcapture(03) / capture_created /      1.00000 para create(02)
Mensaje D / 00:01:13:863 / createcapture(03) / ... para create(02)
Mensaje Y / 00:01:13:863 / create(02) / capture_created /      1.00000 para top(01)
Mensaje D / 00:01:13:863 / create(02) / ... para top(01)
Mensaje Y / 00:01:13:863 / top(01) / capture_created /      1.00000 para Root(00)
Mensaje D / 00:01:13:863 / top(01) / ... para Root(00)
Mensaje X / 00:01:30:000 / Root(00) / start_capture /      2.00000 para top(01)
Mensaje X / 00:01:30:000 / top(01) / in /      2.00000 para start(05)
Mensaje X / 00:01:30:000 / start(05) / cmd_in /      2.00000 para startcapture(06)
Mensaje D / 00:01:30:000 / startcapture(06) / 00:00:02:801 para start(05)
Mensaje D / 00:01:30:000 / start(05) / 00:00:02:801 para top(01)
Mensaje D / 00:01:30:000 / top(01) / 00:00:02:801 para Root(00)
Mensaje * / 00:01:32:801 / Root(00) para top(01)
Mensaje * / 00:01:32:801 / top(01) para start(05)
Mensaje * / 00:01:32:801 / start(05) para startcapture(06)
Mensaje Y / 00:01:32:801 / startcapture(06) / channel_go /      1.00000 para start(05)
Mensaje D / 00:01:32:801 / startcapture(06) / ... para start(05)
Mensaje X / 00:01:32:801 / start(05) / channel_go /      1.00000 para wirelesschannel(07)
Mensaje D / 00:01:32:801 / wirelesschannel(07) / 00:00:05:374 para start(05)
Mensaje D / 00:01:32:801 / start(05) / 00:00:05:374 para top(01)
Mensaje D / 00:01:32:801 / top(01) / 00:00:05:374 para Root(00)
Mensaje * / 00:01:38:175 / Root(00) para top(01)
Mensaje * / 00:01:38:175 / top(01) para start(05)
Mensaje * / 00:01:38:175 / start(05) para wirelesschannel(07)
Mensaje Y / 00:01:38:175 / wirelesschannel(07) / channel_done /      1.00000 para start(05)
Mensaje Y / 00:01:38:175 / wirelesschannel(07) / channel_out /      5.00000 para start(05)
Mensaje D / 00:01:38:175 / wirelesschannel(07) / ... para start(05)
Mensaje X / 00:01:38:175 / start(05) / channel_done /      1.00000 para startcapture(06)
Mensaje Y / 00:01:38:175 / start(05) / channel_num /      5.00000 para top(01)
Mensaje D / 00:01:38:175 / startcapture(06) / 00:00:00:110 para start(05)
Mensaje Y / 00:01:38:175 / top(01) / channel_num /      5.00000 para Root(00)
Mensaje D / 00:01:38:175 / start(05) / 00:00:00:110 para top(01)
Mensaje D / 00:01:38:175 / top(01) / 00:00:00:110 para Root(00)
Mensaje * / 00:01:38:285 / Root(00) para top(01)
Mensaje * / 00:01:38:285 / top(01) para start(05)
Mensaje * / 00:01:38:285 / start(05) para startcapture(06)
Mensaje Y / 00:01:38:285 / startcapture(06) / capture_started /      1.00000 para start(05)
Mensaje D / 00:01:38:285 / startcapture(06) / ... para start(05)
Mensaje Y / 00:01:38:285 / start(05) / capture_started /      1.00000 para top(01)
Mensaje D / 00:01:38:285 / start(05) / ... para top(01)
Mensaje Y / 00:01:38:285 / top(01) / capture_started /      1.00000 para Root(00)
Mensaje D / 00:01:38:285 / top(01) / ... para Root(00)
Mensaje X / 00:02:00:000 / Root(00) / stop_capture /      3.00000 para top(01)
Mensaje X / 00:02:00:000 / top(01) / cmd_in /      3.00000 para stop(08)
Mensaje D / 00:02:00:000 / stop(08) / 00:00:05:356 para top(01)
Mensaje D / 00:02:00:000 / top(01) / 00:00:05:356 para Root(00)
Mensaje * / 00:02:05:356 / Root(00) para top(01)
Mensaje * / 00:02:05:356 / top(01) para stop(08)
Mensaje Y / 00:02:05:356 / stop(08) / capture_stopped /      1.00000 para top(01)
Mensaje D / 00:02:05:356 / stop(08) / ... para top(01)
Mensaje Y / 00:02:05:356 / top(01) / capture_stopped /      1.00000 para Root(00)
Mensaje D / 00:02:05:356 / top(01) / ... para Root(00)
