Mensaje I / 00:00:00:000 / Root(00) para top(01)
Mensaje I / 00:00:00:000 / top(01) para startcapture(02)
Mensaje I / 00:00:00:000 / top(01) para wirelesschannel(03)
Mensaje D / 00:00:00:000 / startcapture(02) / ... para top(01)
Mensaje D / 00:00:00:000 / wirelesschannel(03) / ... para top(01)
Mensaje D / 00:00:00:000 / top(01) / ... para Root(00)
Mensaje X / 00:00:10:000 / Root(00) / in /      2.00000 para top(01)
Mensaje X / 00:00:10:000 / top(01) / cmd_in /      2.00000 para startcapture(02)
Mensaje D / 00:00:10:000 / startcapture(02) / 00:00:03:975 para top(01)
Mensaje D / 00:00:10:000 / top(01) / 00:00:03:975 para Root(00)
Mensaje * / 00:00:13:975 / Root(00) para top(01)
Mensaje * / 00:00:13:975 / top(01) para startcapture(02)
Mensaje Y / 00:00:13:975 / startcapture(02) / channel_go /      1.00000 para top(01)
Mensaje D / 00:00:13:975 / startcapture(02) / ... para top(01)
Mensaje X / 00:00:13:975 / top(01) / channel_go /      1.00000 para wirelesschannel(03)
Mensaje D / 00:00:13:975 / wirelesschannel(03) / 00:00:01:592 para top(01)
Mensaje D / 00:00:13:975 / top(01) / 00:00:01:592 para Root(00)
Mensaje * / 00:00:15:567 / Root(00) para top(01)
Mensaje * / 00:00:15:567 / top(01) para wirelesschannel(03)
Mensaje Y / 00:00:15:567 / wirelesschannel(03) / channel_done /      1.00000 para top(01)
Mensaje Y / 00:00:15:567 / wirelesschannel(03) / channel_out /      0.00000 para top(01)
Mensaje D / 00:00:15:567 / wirelesschannel(03) / ... para top(01)
Mensaje X / 00:00:15:567 / top(01) / channel_done /      1.00000 para startcapture(02)
Mensaje Y / 00:00:15:567 / top(01) / channel_num /      0.00000 para Root(00)
Mensaje D / 00:00:15:567 / startcapture(02) / 00:00:01:915 para top(01)
Mensaje D / 00:00:15:567 / top(01) / 00:00:01:915 para Root(00)
Mensaje * / 00:00:17:482 / Root(00) para top(01)
Mensaje * / 00:00:17:482 / top(01) para startcapture(02)
Mensaje Y / 00:00:17:482 / startcapture(02) / capture_started /      1.00000 para top(01)
Mensaje D / 00:00:17:482 / startcapture(02) / ... para top(01)
Mensaje Y / 00:00:17:482 / top(01) / capture_started /      1.00000 para Root(00)
Mensaje D / 00:00:17:482 / top(01) / ... para Root(00)
Mensaje X / 00:00:30:000 / Root(00) / in /      3.00000 para top(01)
Mensaje X / 00:00:30:000 / top(01) / cmd_in /      3.00000 para startcapture(02)
Mensaje D / 00:00:30:000 / startcapture(02) / ... para top(01)
Mensaje D / 00:00:30:000 / top(01) / ... para Root(00)
Mensaje X / 00:00:50:000 / Root(00) / in /      1.00000 para top(01)
Mensaje X / 00:00:50:000 / top(01) / cmd_in /      1.00000 para startcapture(02)
Mensaje D / 00:00:50:000 / startcapture(02) / ... para top(01)
Mensaje D / 00:00:50:000 / top(01) / ... para Root(00)
Mensaje X / 00:01:00:000 / Root(00) / in /      3.00000 para top(01)
Mensaje X / 00:01:00:000 / top(01) / cmd_in /      3.00000 para startcapture(02)
Mensaje D / 00:01:00:000 / startcapture(02) / ... para top(01)
Mensaje D / 00:01:00:000 / top(01) / ... para Root(00)
Mensaje X / 00:01:30:000 / Root(00) / in /      2.00000 para top(01)
Mensaje X / 00:01:30:000 / top(01) / cmd_in /      2.00000 para startcapture(02)
Mensaje D / 00:01:30:000 / startcapture(02) / 00:00:04:070 para top(01)
Mensaje D / 00:01:30:000 / top(01) / 00:00:04:070 para Root(00)
Mensaje * / 00:01:34:070 / Root(00) para top(01)
Mensaje * / 00:01:34:070 / top(01) para startcapture(02)
Mensaje Y / 00:01:34:070 / startcapture(02) / channel_go /      1.00000 para top(01)
Mensaje D / 00:01:34:070 / startcapture(02) / ... para top(01)
Mensaje X / 00:01:34:070 / top(01) / channel_go /      1.00000 para wirelesschannel(03)
Mensaje D / 00:01:34:070 / wirelesschannel(03) / 00:00:02:365 para top(01)
Mensaje D / 00:01:34:070 / top(01) / 00:00:02:365 para Root(00)
Mensaje * / 00:01:36:435 / Root(00) para top(01)
Mensaje * / 00:01:36:435 / top(01) para wirelesschannel(03)
Mensaje Y / 00:01:36:435 / wirelesschannel(03) / channel_done /      1.00000 para top(01)
Mensaje Y / 00:01:36:435 / wirelesschannel(03) / channel_out /      5.00000 para top(01)
Mensaje D / 00:01:36:435 / wirelesschannel(03) / ... para top(01)
Mensaje X / 00:01:36:435 / top(01) / channel_done /      1.00000 para startcapture(02)
Mensaje Y / 00:01:36:435 / top(01) / channel_num /      5.00000 para Root(00)
Mensaje D / 00:01:36:435 / startcapture(02) / 00:00:04:321 para top(01)
Mensaje D / 00:01:36:435 / top(01) / 00:00:04:321 para Root(00)
Mensaje * / 00:01:40:756 / Root(00) para top(01)
Mensaje * / 00:01:40:756 / top(01) para startcapture(02)
Mensaje Y / 00:01:40:756 / startcapture(02) / capture_started /      1.00000 para top(01)
Mensaje D / 00:01:40:756 / startcapture(02) / ... para top(01)
Mensaje Y / 00:01:40:756 / top(01) / capture_started /      1.00000 para Root(00)
Mensaje D / 00:01:40:756 / top(01) / ... para Root(00)
