Mensaje I / 00:00:00:000 / Root(00) para top(01)
Mensaje I / 00:00:00:000 / top(01) para stopcapture(02)
Mensaje D / 00:00:00:000 / stopcapture(02) / ... para top(01)
Mensaje D / 00:00:00:000 / top(01) / ... para Root(00)
Mensaje X / 00:00:10:000 / Root(00) / in /      2.00000 para top(01)
Mensaje X / 00:00:10:000 / top(01) / cmd_in /      2.00000 para stopcapture(02)
Mensaje D / 00:00:10:000 / stopcapture(02) / ... para top(01)
Mensaje D / 00:00:10:000 / top(01) / ... para Root(00)
Mensaje X / 00:00:30:000 / Root(00) / in /      3.00000 para top(01)
Mensaje X / 00:00:30:000 / top(01) / cmd_in /      3.00000 para stopcapture(02)
Mensaje D / 00:00:30:000 / stopcapture(02) / 00:00:03:975 para top(01)
Mensaje D / 00:00:30:000 / top(01) / 00:00:03:975 para Root(00)
Mensaje * / 00:00:33:975 / Root(00) para top(01)
Mensaje * / 00:00:33:975 / top(01) para stopcapture(02)
Mensaje Y / 00:00:33:975 / stopcapture(02) / capture_stopped /      1.00000 para top(01)
Mensaje D / 00:00:33:975 / stopcapture(02) / ... para top(01)
Mensaje Y / 00:00:33:975 / top(01) / capture_stopped /      1.00000 para Root(00)
Mensaje D / 00:00:33:975 / top(01) / ... para Root(00)
Mensaje X / 00:00:50:000 / Root(00) / in /      1.00000 para top(01)
Mensaje X / 00:00:50:000 / top(01) / cmd_in /      1.00000 para stopcapture(02)
Mensaje D / 00:00:50:000 / stopcapture(02) / ... para top(01)
Mensaje D / 00:00:50:000 / top(01) / ... para Root(00)
Mensaje X / 00:01:00:000 / Root(00) / in /      3.00000 para top(01)
Mensaje X / 00:01:00:000 / top(01) / cmd_in /      3.00000 para stopcapture(02)
Mensaje D / 00:01:00:000 / stopcapture(02) / 00:00:01:592 para top(01)
Mensaje D / 00:01:00:000 / top(01) / 00:00:01:592 para Root(00)
Mensaje * / 00:01:01:592 / Root(00) para top(01)
Mensaje * / 00:01:01:592 / top(01) para stopcapture(02)
Mensaje Y / 00:01:01:592 / stopcapture(02) / capture_stopped /      1.00000 para top(01)
Mensaje D / 00:01:01:592 / stopcapture(02) / ... para top(01)
Mensaje Y / 00:01:01:592 / top(01) / capture_stopped /      1.00000 para Root(00)
Mensaje D / 00:01:01:592 / top(01) / ... para Root(00)
Mensaje X / 00:01:30:000 / Root(00) / in /      2.00000 para top(01)
Mensaje X / 00:01:30:000 / top(01) / cmd_in /      2.00000 para stopcapture(02)
Mensaje D / 00:01:30:000 / stopcapture(02) / ... para top(01)
Mensaje D / 00:01:30:000 / top(01) / ... para Root(00)
