Mensaje I / 00:00:00:000 / Root(00) para top(01)
Mensaje I / 00:00:00:000 / top(01) para wirelesschannel(02)
Mensaje D / 00:00:00:000 / wirelesschannel(02) / ... para top(01)
Mensaje D / 00:00:00:000 / top(01) / ... para Root(00)
Mensaje X / 00:00:10:000 / Root(00) / in /      1.00000 para top(01)
Mensaje X / 00:00:10:000 / top(01) / channel_go /      1.00000 para wirelesschannel(02)
Mensaje D / 00:00:10:000 / wirelesschannel(02) / 00:00:03:975 para top(01)
Mensaje D / 00:00:10:000 / top(01) / 00:00:03:975 para Root(00)
Mensaje * / 00:00:13:975 / Root(00) para top(01)
Mensaje * / 00:00:13:975 / top(01) para wirelesschannel(02)
Mensaje Y / 00:00:13:975 / wirelesschannel(02) / channel_done /      1.00000 para top(01)
Mensaje D / 00:00:13:975 / wirelesschannel(02) / ... para top(01)
Mensaje Y / 00:00:13:975 / top(01) / channel_done /      1.00000 para Root(00)
Mensaje D / 00:00:13:975 / top(01) / ... para Root(00)
Mensaje X / 00:00:30:000 / Root(00) / in /      1.00000 para top(01)
Mensaje X / 00:00:30:000 / top(01) / channel_go /      1.00000 para wirelesschannel(02)
Mensaje D / 00:00:30:000 / wirelesschannel(02) / 00:00:01:592 para top(01)
Mensaje D / 00:00:30:000 / top(01) / 00:00:01:592 para Root(00)
Mensaje * / 00:00:31:592 / Root(00) para top(01)
Mensaje * / 00:00:31:592 / top(01) para wirelesschannel(02)
Mensaje Y / 00:00:31:592 / wirelesschannel(02) / channel_done /      1.00000 para top(01)
Mensaje D / 00:00:31:592 / wirelesschannel(02) / ... para top(01)
Mensaje Y / 00:00:31:592 / top(01) / channel_done /      1.00000 para Root(00)
Mensaje D / 00:00:31:592 / top(01) / ... para Root(00)
Mensaje X / 00:00:50:000 / Root(00) / in /      0.00000 para top(01)
Mensaje X / 00:00:50:000 / top(01) / channel_go /      0.00000 para wirelesschannel(02)
Mensaje D / 00:00:50:000 / wirelesschannel(02) / ... para top(01)
Mensaje D / 00:00:50:000 / top(01) / ... para Root(00)
Mensaje X / 00:01:00:000 / Root(00) / in /      1.00000 para top(01)
Mensaje X / 00:01:00:000 / top(01) / channel_go /      1.00000 para wirelesschannel(02)
Mensaje D / 00:01:00:000 / wirelesschannel(02) / 00:00:01:915 para top(01)
Mensaje D / 00:01:00:000 / top(01) / 00:00:01:915 para Root(00)
Mensaje * / 00:01:01:915 / Root(00) para top(01)
Mensaje * / 00:01:01:915 / top(01) para wirelesschannel(02)
Mensaje Y / 00:01:01:915 / wirelesschannel(02) / channel_done /      1.00000 para top(01)
Mensaje D / 00:01:01:915 / wirelesschannel(02) / ... para top(01)
Mensaje Y / 00:01:01:915 / top(01) / channel_done /      1.00000 para Root(00)
Mensaje D / 00:01:01:915 / top(01) / ... para Root(00)
Mensaje X / 00:01:10:000 / Root(00) / in /      0.00000 para top(01)
Mensaje X / 00:01:10:000 / top(01) / channel_go /      0.00000 para wirelesschannel(02)
Mensaje D / 00:01:10:000 / wirelesschannel(02) / ... para top(01)
Mensaje D / 00:01:10:000 / top(01) / ... para Root(00)
Mensaje X / 00:01:20:000 / Root(00) / in /      0.00000 para top(01)
Mensaje X / 00:01:20:000 / top(01) / channel_go /      0.00000 para wirelesschannel(02)
Mensaje D / 00:01:20:000 / wirelesschannel(02) / ... para top(01)
Mensaje D / 00:01:20:000 / top(01) / ... para Root(00)
Mensaje X / 00:01:30:000 / Root(00) / in /      0.00000 para top(01)
Mensaje X / 00:01:30:000 / top(01) / channel_go /      0.00000 para wirelesschannel(02)
Mensaje D / 00:01:30:000 / wirelesschannel(02) / ... para top(01)
Mensaje D / 00:01:30:000 / top(01) / ... para Root(00)
Mensaje X / 00:01:40:000 / Root(00) / in /      1.00000 para top(01)
Mensaje X / 00:01:40:000 / top(01) / channel_go /      1.00000 para wirelesschannel(02)
Mensaje D / 00:01:40:000 / wirelesschannel(02) / 00:00:04:070 para top(01)
Mensaje D / 00:01:40:000 / top(01) / 00:00:04:070 para Root(00)
Mensaje * / 00:01:44:070 / Root(00) para top(01)
Mensaje * / 00:01:44:070 / top(01) para wirelesschannel(02)
Mensaje Y / 00:01:44:070 / wirelesschannel(02) / channel_done /      1.00000 para top(01)
Mensaje D / 00:01:44:070 / wirelesschannel(02) / ... para top(01)
Mensaje Y / 00:01:44:070 / top(01) / channel_done /      1.00000 para Root(00)
Mensaje D / 00:01:44:070 / top(01) / ... para Root(00)
Mensaje X / 00:01:50:000 / Root(00) / in /      0.00000 para top(01)
Mensaje X / 00:01:50:000 / top(01) / channel_go /      0.00000 para wirelesschannel(02)
Mensaje D / 00:01:50:000 / wirelesschannel(02) / ... para top(01)
Mensaje D / 00:01:50:000 / top(01) / ... para Root(00)
Mensaje X / 00:02:00:000 / Root(00) / in /      0.00000 para top(01)
Mensaje X / 00:02:00:000 / top(01) / channel_go /      0.00000 para wirelesschannel(02)
Mensaje D / 00:02:00:000 / wirelesschannel(02) / ... para top(01)
Mensaje D / 00:02:00:000 / top(01) / ... para Root(00)
Mensaje X / 00:02:10:000 / Root(00) / in /      1.00000 para top(01)
Mensaje X / 00:02:10:000 / top(01) / channel_go /      1.00000 para wirelesschannel(02)
Mensaje D / 00:02:10:000 / wirelesschannel(02) / 00:00:02:365 para top(01)
Mensaje D / 00:02:10:000 / top(01) / 00:00:02:365 para Root(00)
Mensaje * / 00:02:12:365 / Root(00) para top(01)
Mensaje * / 00:02:12:365 / top(01) para wirelesschannel(02)
Mensaje Y / 00:02:12:365 / wirelesschannel(02) / channel_done /      1.00000 para top(01)
Mensaje D / 00:02:12:365 / wirelesschannel(02) / ... para top(01)
Mensaje Y / 00:02:12:365 / top(01) / channel_done /      1.00000 para Root(00)
Mensaje D / 00:02:12:365 / top(01) / ... para Root(00)
Mensaje X / 00:02:20:000 / Root(00) / in /      1.00000 para top(01)
Mensaje X / 00:02:20:000 / top(01) / channel_go /      1.00000 para wirelesschannel(02)
Mensaje D / 00:02:20:000 / wirelesschannel(02) / 00:00:04:321 para top(01)
Mensaje D / 00:02:20:000 / top(01) / 00:00:04:321 para Root(00)
Mensaje * / 00:02:24:321 / Root(00) para top(01)
Mensaje * / 00:02:24:321 / top(01) para wirelesschannel(02)
Mensaje Y / 00:02:24:321 / wirelesschannel(02) / channel_done /      1.00000 para top(01)
Mensaje D / 00:02:24:321 / wirelesschannel(02) / ... para top(01)
Mensaje Y / 00:02:24:321 / top(01) / channel_done /      1.00000 para Root(00)
Mensaje D / 00:02:24:321 / top(01) / ... para Root(00)
Mensaje X / 00:02:28:000 / Root(00) / in /      0.00000 para top(01)
Mensaje X / 00:02:28:000 / top(01) / channel_go /      0.00000 para wirelesschannel(02)
Mensaje D / 00:02:28:000 / wirelesschannel(02) / ... para top(01)
Mensaje D / 00:02:28:000 / top(01) / ... para Root(00)
Mensaje X / 00:02:30:000 / Root(00) / in /      0.00000 para top(01)
Mensaje X / 00:02:30:000 / top(01) / channel_go /      0.00000 para wirelesschannel(02)
Mensaje D / 00:02:30:000 / wirelesschannel(02) / ... para top(01)
Mensaje D / 00:02:30:000 / top(01) / ... para Root(00)
